<?xml version="1.0" encoding="UTF-8"?>
<testsuite name="JavaTest" tests="6" skipped="0" failures="0" errors="0" timestamp="2021-12-20T04:02:16" hostname="DESKTOP-R25IQB8" time="0.222">
  <properties/>
  <testcase name="checkForLessThenFifteenKm()" classname="JavaTest" time="0.194"/>
  <testcase name="checkForLessThenTwoKm()" classname="JavaTest" time="0.001"/>
  <testcase name="checkForGreaterThenFifteenKm()" classname="JavaTest" time="0.005"/>
  <testcase name="checkForLessThenFiveKm()" classname="JavaTest" time="0.002"/>
  <testcase name="checkValidity()" classname="JavaTest" time="0.005"/>
  <testcase name="checkWithNull()" classname="JavaTest" time="0.004"/>
  <system-out><![CDATA[]]></system-out>
  <system-err><![CDATA[]]></system-err>
</testsuite>
