<?xml version="1.0" encoding="UTF-8"?>
<testsuite name="JavaTest" tests="5" skipped="0" failures="0" errors="0" timestamp="2021-12-15T07:20:53" hostname="DESKTOP-R25IQB8" time="0.064">
  <properties/>
  <testcase name="checkForLessThenFifteenKm()" classname="JavaTest" time="0.044"/>
  <testcase name="checkForLessThenTwoKm()" classname="JavaTest" time="0.002"/>
  <testcase name="checkForGreaterThenFifteenKm()" classname="JavaTest" time="0.003"/>
  <testcase name="checkForLessThenFiveKm()" classname="JavaTest" time="0.002"/>
  <testcase name="checkValidity()" classname="JavaTest" time="0.004"/>
  <system-out><![CDATA[]]></system-out>
  <system-err><![CDATA[]]></system-err>
</testsuite>
