<?xml version="1.0" encoding="UTF-8"?>
<testsuite name="JavaTest" tests="1" skipped="0" failures="0" errors="0" timestamp="2021-12-15T04:51:10" hostname="DESKTOP-R25IQB8" time="0.034">
  <properties/>
  <testcase name="checkValidity()" classname="JavaTest" time="0.034"/>
  <system-out><![CDATA[]]></system-out>
  <system-err><![CDATA[]]></system-err>
</testsuite>
