<?xml version="1.0" encoding="UTF-8"?>
<testsuite name="JavaTest" tests="6" skipped="0" failures="0" errors="0" timestamp="2021-12-15T12:40:15" hostname="DESKTOP-R25IQB8" time="0.069">
  <properties/>
  <testcase name="checkForLessThenFifteenKm()" classname="JavaTest" time="0.047"/>
  <testcase name="checkForLessThenTwoKm()" classname="JavaTest" time="0.002"/>
  <testcase name="checkForGreaterThenFifteenKm()" classname="JavaTest" time="0.002"/>
  <testcase name="checkForLessThenFiveKm()" classname="JavaTest" time="0.002"/>
  <testcase name="checkValidity()" classname="JavaTest" time="0.004"/>
  <testcase name="checkWithNull()" classname="JavaTest" time="0.001"/>
  <system-out><![CDATA[]]></system-out>
  <system-err><![CDATA[]]></system-err>
</testsuite>
